<?xml version="1.0" encoding="UTF-8"?>
<!-- Generated by org.testng.reporters.JUnitReportReporter -->
<testsuite skipped="0" hostname="DESKTOP-SNRP3UF" name="com.CAI.tests.RegistrationPositiveTest" tests="1" failures="0" timestamp="10 Dec 2020 11:52:09 GMT" time="253.446" errors="0">
  <testcase name="registrationPositiveTest" time="253.446" classname="com.CAI.tests.RegistrationPositiveTest"/>
</testsuite> <!-- com.CAI.tests.RegistrationPositiveTest -->
